<?xml version="1.0" encoding="UTF-8"?>
<!-- Generated by org.testng.reporters.JUnitReportReporter -->
<testsuite hostname="MacBook-Pro.local" name="TestFramework.basics" tests="1" failures="0" timestamp="3 Aug 2019 17:02:00 GMT" time="3.449" errors="0">
  <testcase name="getPlaceAPI" time="3.449" classname="TestFramework.basics"/>
</testsuite>
