<?xml version="1.0" encoding="UTF-8"?>
<!-- Generated by org.testng.reporters.JUnitReportReporter -->
<testsuite hostname="MacBook-Pro.local" name="TestFramework.basics3" tests="1" failures="0" timestamp="3 Aug 2019 17:51:36 GMT" time="2.576" errors="0">
  <testcase name="AddandDeletePlace" time="2.576" classname="TestFramework.basics3"/>
</testsuite>
