<?xml version="1.0" encoding="UTF-8"?>
<!-- Generated by org.testng.reporters.JUnitReportReporter -->
<testsuite hostname="MacBook-Pro-4f83" name="TestFramework.basics5" tests="1" failures="0" timestamp="4 Aug 2019 10:55:17 GMT" time="2.321" errors="0">
  <testcase name="extractingNamesAPI" time="2.321" classname="TestFramework.basics5"/>
</testsuite>
