<?xml version="1.0" encoding="UTF-8"?>
<!-- Generated by org.testng.reporters.JUnitReportReporter -->
<testsuite hostname="MacBook-Pro.local" name="TestFramework.basics2" tests="1" failures="0" timestamp="14 Aug 2019 16:57:51 GMT" time="0.744" errors="0">
  <testcase name="createPlaceAPI" time="0.744" classname="TestFramework.basics2"/>
</testsuite>
