<?xml version="1.0" encoding="UTF-8"?>
<!-- Generated by org.testng.reporters.JUnitReportReporter -->
<testsuite hostname="MacBook-Pro.local" name="TestFramework.basics3" tests="1" failures="0" timestamp="14 Aug 2019 16:57:46 GMT" time="1.638" errors="0">
  <testcase name="AddandDeletePlace" time="1.638" classname="TestFramework.basics3"/>
</testsuite>
