<?xml version="1.0" encoding="UTF-8"?>
<!-- Generated by org.testng.reporters.JUnitReportReporter -->
<testsuite hostname="MacBook-Pro.local" name="TestFramework.basics5" tests="1" failures="0" timestamp="14 Aug 2019 16:57:36 GMT" time="0.389" errors="0">
  <testcase name="extractingNamesAPI" time="0.389" classname="TestFramework.basics5"/>
</testsuite>
