<?xml version="1.0" encoding="UTF-8"?>
<!-- Generated by org.testng.reporters.JUnitReportReporter -->
<testsuite hostname="MacBook-Pro.local" name="TestFramework.basics" tests="1" failures="0" timestamp="14 Aug 2019 16:57:41 GMT" time="1.453" errors="0">
  <testcase name="getPlaceAPI" time="1.453" classname="TestFramework.basics"/>
</testsuite>
